0 info it worked if it ends with ok
1 verbose cli [ 'C:\\Program Files\\nodejs\\node.exe',
1 verbose cli   'C:\\Program Files\\nodejs\\node_modules\\npm\\bin\\npm-cli.js',
1 verbose cli   'run',
1 verbose cli   'dev' ]
2 info using npm@3.10.10
3 info using node@v6.10.2
4 verbose run-script [ 'predev', 'dev', 'postdev' ]
5 info lifecycle portfolio-2019@1.0.0~predev: portfolio-2019@1.0.0
6 silly lifecycle portfolio-2019@1.0.0~predev: no script for predev, continuing
7 info lifecycle portfolio-2019@1.0.0~dev: portfolio-2019@1.0.0
8 verbose lifecycle portfolio-2019@1.0.0~dev: unsafe-perm in lifecycle true
9 verbose lifecycle portfolio-2019@1.0.0~dev: PATH: C:\Program Files\nodejs\node_modules\npm\bin\node-gyp-bin;E:\Dropbox\Web19\portfolio-2019\node_modules\.bin;E:\Dropbox\Web17\cmder\bin;E:\Dropbox\Web17\cmder\vendor\conemu-maximus5\ConEmu\Scripts;E:\Dropbox\Web17\cmder\vendor\conemu-maximus5;E:\Dropbox\Web17\cmder\vendor\conemu-maximus5\ConEmu;C:\ProgramData\Oracle\Java\javapath;C:\Program Files (x86)\NVIDIA Corporation\PhysX\Common;C:\WINDOWS\system32;C:\WINDOWS;C:\WINDOWS\System32\Wbem;C:\WINDOWS\System32\WindowsPowerShell\v1.0\;C:\Program Files (x86)\AMD\ATI.ACE\Core-Static;C:\Program Files (x86)\ATI Technologies\ATI.ACE\Core-Static;C:\Program Files (x86)\Windows Live\Shared;C:\Program Files (x86)\QuickTime\QTSystem\;C:\Program Files (x86)\Brackets\command;C:\sqlite3;C:\Program Files\Git\cmd;C:\Program Files\Git\mingw64\bin;C:\Program Files\Git\usr\bin;C:\Program Files\nodejs\;C:\ProgramData\chocolatey\bin;C:\Users\Ross\scoop\shims;C:\RailsInstaller\Git\cmd;C:\RailsInstaller\Ruby2.2.0\bin;C:\Ruby23\bin;C:\Users\Ross\AppData\Local\atom\bin;C:\Users\Ross\AppData\Local\Microsoft\WindowsApps;C:\Users\Ross\AppData\Roaming\npm;C:\Program Files\Theme Kit;C:\WINDOWS\system32;C:\WINDOWS;C:\WINDOWS\System32\Wbem;C:\WINDOWS\System32\WindowsPowerShell\v1.0\;C:\WINDOWS\System32\OpenSSH\;C:\Ruby25\bin;C:\Ruby25-x64\bin;C:\Ruby24-x64\bin;C:\Users\Ross\scoop\shims;C:\RailsInstaller\Git\cmd;C:\RailsInstaller\Ruby2.2.0\bin;C:\Ruby23\bin;C:\Users\Ross\AppData\Local\atom\bin;C:\Users\Ross\AppData\Local\Microsoft\WindowsApps;C:\sqlite3;C:\Users\Ross\AppData\Roaming\npm;C:\Users\Ross\AppData\Local\Microsoft\WindowsApps;C:\Program Files\Git\usr\bin;C:\Program Files\Git\usr\share\vim\vim74;E:\Dropbox\Web17\cmder\
10 verbose lifecycle portfolio-2019@1.0.0~dev: CWD: E:\Dropbox\Web19\portfolio-2019
11 silly lifecycle portfolio-2019@1.0.0~dev: Args: [ '/d /s /c', 'npm run compile -- --watch' ]
12 silly lifecycle portfolio-2019@1.0.0~dev: Returned: code: 1  signal: null
13 info lifecycle portfolio-2019@1.0.0~dev: Failed to exec dev script
14 verbose stack Error: portfolio-2019@1.0.0 dev: `npm run compile -- --watch`
14 verbose stack Exit status 1
14 verbose stack     at EventEmitter.<anonymous> (C:\Program Files\nodejs\node_modules\npm\lib\utils\lifecycle.js:255:16)
14 verbose stack     at emitTwo (events.js:106:13)
14 verbose stack     at EventEmitter.emit (events.js:191:7)
14 verbose stack     at ChildProcess.<anonymous> (C:\Program Files\nodejs\node_modules\npm\lib\utils\spawn.js:40:14)
14 verbose stack     at emitTwo (events.js:106:13)
14 verbose stack     at ChildProcess.emit (events.js:191:7)
14 verbose stack     at maybeClose (internal/child_process.js:886:16)
14 verbose stack     at Process.ChildProcess._handle.onexit (internal/child_process.js:226:5)
15 verbose pkgid portfolio-2019@1.0.0
16 verbose cwd E:\Dropbox\Web19\portfolio-2019
17 error Windows_NT 10.0.17134
18 error argv "C:\\Program Files\\nodejs\\node.exe" "C:\\Program Files\\nodejs\\node_modules\\npm\\bin\\npm-cli.js" "run" "dev"
19 error node v6.10.2
20 error npm  v3.10.10
21 error code ELIFECYCLE
22 error portfolio-2019@1.0.0 dev: `npm run compile -- --watch`
22 error Exit status 1
23 error Failed at the portfolio-2019@1.0.0 dev script 'npm run compile -- --watch'.
23 error Make sure you have the latest version of node.js and npm installed.
23 error If you do, this is most likely a problem with the portfolio-2019 package,
23 error not with npm itself.
23 error Tell the author that this fails on your system:
23 error     npm run compile -- --watch
23 error You can get information on how to open an issue for this project with:
23 error     npm bugs portfolio-2019
23 error Or if that isn't available, you can get their info via:
23 error     npm owner ls portfolio-2019
23 error There is likely additional logging output above.
24 verbose exit [ 1, true ]
